# JRE version: OpenJDK Runtime Environment (21.0.9) (build 21.0.9+-14787801-b1163.94)
# Java VM: OpenJDK 64-Bit Server VM (21.0.9+-14787801-b1163.94, mixed mode, tiered, compressed oops, compressed class ptrs, g1 gc, windows-amd64)
GC Precious Log:
 CardTable entry size: 512
 Card Set container configuration: InlinePtr #cards 5 size 8 Array Of Cards #cards 12 size 40 Howl #buckets 4 coarsen threshold 1843 Howl Bitmap #cards 512 size 80 coarsen threshold 460 Card regions per heap region 1 cards per card region 2048
 CPUs: 4 total, 4 available
 Memory: 6090M
 Large Page Support: Disabled
 NUMA Support: Disabled
 Compressed Oops: Enabled (32-bit)
 Heap Region Size: 1M
 Heap Min Capacity: 256M
 Heap Initial Capacity: 256M
 Heap Max Capacity: 512M
 Pre-touch: Disabled
 Parallel Workers: 4
 Concurrent Workers: 1
 Concurrent Refinement Workers: 4
 Periodic GC: Disabled
Heap:
 garbage-first heap   total 262144K, used 62612K [0x00000000e0000000, 0x0000000100000000)
  region size 1024K, 38 young (38912K), 7 survivors (7168K)
 Metaspace       used 38796K, committed 39616K, reserved 393216K
  class space    used 5232K, committed 5632K, reserved 327680K
GC Heap History (10 events):
Event: 3.969 GC heap before
{Heap before GC invocations=0 (full 0):
 garbage-first heap   total 262144K, used 13312K [0x00000000e0000000, 0x0000000100000000)
  region size 1024K, 13 young (13312K), 0 survivors (0K)
 Metaspace       used 7801K, committed 7936K, reserved 393216K
  class space    used 734K, committed 768K, reserved 327680K
}
Event: 3.975 GC heap after
{Heap after GC invocations=1 (full 0):
 garbage-first heap   total 262144K, used 1024K [0x00000000e0000000, 0x0000000100000000)
  region size 1024K, 1 young (1024K), 1 survivors (1024K)
 Metaspace       used 7801K, committed 7936K, reserved 393216K
  class space    used 734K, committed 768K, reserved 327680K
}
Event: 5.193 GC heap before
{Heap before GC invocations=1 (full 0):
 garbage-first heap   total 262144K, used 24576K [0x00000000e0000000, 0x0000000100000000)
  region size 1024K, 25 young (25600K), 1 survivors (1024K)
 Metaspace       used 7957K, committed 8064K, reserved 393216K
  class space    used 734K, committed 768K, reserved 327680K
}
Event: 5.200 GC heap after
{Heap after GC invocations=2 (full 0):
 garbage-first heap   total 262144K, used 1536K [0x00000000e0000000, 0x0000000100000000)
  region size 1024K, 2 young (2048K), 2 survivors (2048K)
 Metaspace       used 7957K, committed 8064K, reserved 393216K
  class space    used 734K, committed 768K, reserved 327680K
}
Event: 17.385 GC heap before
{Heap before GC invocations=2 (full 0):
 garbage-first heap   total 262144K, used 161280K [0x00000000e0000000, 0x0000000100000000)
  region size 1024K, 153 young (156672K), 2 survivors (2048K)
 Metaspace       used 16476K, committed 16768K, reserved 393216K
  class space    used 1896K, committed 2048K, reserved 327680K
}
Event: 17.404 GC heap after
{Heap after GC invocations=3 (full 0):
 garbage-first heap   total 262144K, used 19519K [0x00000000e0000000, 0x0000000100000000)
  region size 1024K, 15 young (15360K), 15 survivors (15360K)
 Metaspace       used 16476K, committed 16768K, reserved 393216K
  class space    used 1896K, committed 2048K, reserved 327680K
}
Event: 33.089 GC heap before
{Heap before GC invocations=3 (full 0):
 garbage-first heap   total 262144K, used 35903K [0x00000000e0000000, 0x0000000100000000)
  region size 1024K, 32 young (32768K), 15 survivors (15360K)
 Metaspace       used 21271K, committed 21504K, reserved 393216K
  class space    used 2493K, committed 2624K, reserved 327680K
}
Event: 33.120 GC heap after
{Heap after GC invocations=4 (full 0):
 garbage-first heap   total 262144K, used 21452K [0x00000000e0000000, 0x0000000100000000)
  region size 1024K, 3 young (3072K), 3 survivors (3072K)
 Metaspace       used 21271K, committed 21504K, reserved 393216K
  class space    used 2493K, committed 2624K, reserved 327680K
}
Event: 57.625 GC heap before
{Heap before GC invocations=5 (full 0):
 garbage-first heap   total 262144K, used 111564K [0x00000000e0000000, 0x0000000100000000)
  region size 1024K, 91 young (93184K), 3 survivors (3072K)
 Metaspace       used 35305K, committed 35968K, reserved 393216K
  class space    used 4599K, committed 4928K, reserved 327680K
}
Event: 57.686 GC heap after
{Heap after GC invocations=6 (full 0):
 garbage-first heap   total 262144K, used 25748K [0x00000000e0000000, 0x0000000100000000)
  region size 1024K, 7 young (7168K), 7 survivors (7168K)
 Metaspace       used 35305K, committed 35968K, reserved 393216K
  class space    used 4599K, committed 4928K, reserved 327680K
}

