# JRE version: OpenJDK Runtime Environment (21.0.9) (build 21.0.9+-14787801-b1163.94)
# Java VM: OpenJDK 64-Bit Server VM (21.0.9+-14787801-b1163.94, mixed mode, tiered, compressed oops, compressed class ptrs, g1 gc, windows-amd64)
GC Precious Log:
 CardTable entry size: 512
 Card Set container configuration: InlinePtr #cards 5 size 8 Array Of Cards #cards 12 size 40 Howl #buckets 4 coarsen threshold 1843 Howl Bitmap #cards 512 size 80 coarsen threshold 460 Card regions per heap region 1 cards per card region 2048
 CPUs: 4 total, 4 available
 Memory: 6090M
 Large Page Support: Disabled
 NUMA Support: Disabled
 Compressed Oops: Enabled (32-bit)
 Heap Region Size: 1M
 Heap Min Capacity: 256M
 Heap Initial Capacity: 256M
 Heap Max Capacity: 512M
 Pre-touch: Disabled
 Parallel Workers: 4
 Concurrent Workers: 1
 Concurrent Refinement Workers: 4
 Periodic GC: Disabled
Heap:
 garbage-first heap   total 353280K, used 229046K [0x00000000e0000000, 0x0000000100000000)
  region size 1024K, 48 young (49152K), 8 survivors (8192K)
 Metaspace       used 178036K, committed 179840K, reserved 524288K
  class space    used 23547K, committed 24384K, reserved 327680K
GC Heap History (20 events):
Event: 2202.821 GC heap before
{Heap before GC invocations=116 (full 0):
 garbage-first heap   total 353280K, used 334545K [0x00000000e0000000, 0x0000000100000000)
  region size 1024K, 129 young (132096K), 1 survivors (1024K)
 Metaspace       used 171806K, committed 173568K, reserved 524288K
  class space    used 23050K, committed 23872K, reserved 327680K
}
Event: 2202.825 GC heap after
{Heap after GC invocations=117 (full 0):
 garbage-first heap   total 353280K, used 205300K [0x00000000e0000000, 0x0000000100000000)
  region size 1024K, 4 young (4096K), 4 survivors (4096K)
 Metaspace       used 171806K, committed 173568K, reserved 524288K
  class space    used 23050K, committed 23872K, reserved 327680K
}
Event: 2206.643 GC heap before
{Heap before GC invocations=118 (full 0):
 garbage-first heap   total 353280K, used 336372K [0x00000000e0000000, 0x0000000100000000)
  region size 1024K, 129 young (132096K), 4 survivors (4096K)
 Metaspace       used 176750K, committed 178432K, reserved 524288K
  class space    used 23418K, committed 24192K, reserved 327680K
}
Event: 2206.660 GC heap after
{Heap after GC invocations=119 (full 0):
 garbage-first heap   total 353280K, used 207718K [0x00000000e0000000, 0x0000000100000000)
  region size 1024K, 6 young (6144K), 6 survivors (6144K)
 Metaspace       used 176750K, committed 178432K, reserved 524288K
  class space    used 23418K, committed 24192K, reserved 327680K
}
Event: 2209.040 GC heap before
{Heap before GC invocations=119 (full 0):
 garbage-first heap   total 353280K, used 332646K [0x00000000e0000000, 0x0000000100000000)
  region size 1024K, 129 young (132096K), 6 survivors (6144K)
 Metaspace       used 177101K, committed 178880K, reserved 524288K
  class space    used 23423K, committed 24256K, reserved 327680K
}
Event: 2209.067 GC heap after
{Heap after GC invocations=120 (full 0):
 garbage-first heap   total 353280K, used 198396K [0x00000000e0000000, 0x0000000100000000)
  region size 1024K, 7 young (7168K), 7 survivors (7168K)
 Metaspace       used 177101K, committed 178880K, reserved 524288K
  class space    used 23423K, committed 24256K, reserved 327680K
}
Event: 2210.603 GC heap before
{Heap before GC invocations=120 (full 0):
 garbage-first heap   total 353280K, used 332540K [0x00000000e0000000, 0x0000000100000000)
  region size 1024K, 139 young (142336K), 7 survivors (7168K)
 Metaspace       used 177556K, committed 179328K, reserved 524288K
  class space    used 23480K, committed 24320K, reserved 327680K
}
Event: 2210.652 GC heap after
{Heap after GC invocations=121 (full 0):
 garbage-first heap   total 353280K, used 199749K [0x00000000e0000000, 0x0000000100000000)
  region size 1024K, 10 young (10240K), 10 survivors (10240K)
 Metaspace       used 177556K, committed 179328K, reserved 524288K
  class space    used 23480K, committed 24320K, reserved 327680K
}
Event: 2212.385 GC heap before
{Heap before GC invocations=121 (full 0):
 garbage-first heap   total 353280K, used 332869K [0x00000000e0000000, 0x0000000100000000)
  region size 1024K, 141 young (144384K), 10 survivors (10240K)
 Metaspace       used 177563K, committed 179328K, reserved 524288K
  class space    used 23480K, committed 24320K, reserved 327680K
}
Event: 2212.406 GC heap after
{Heap after GC invocations=122 (full 0):
 garbage-first heap   total 353280K, used 199259K [0x00000000e0000000, 0x0000000100000000)
  region size 1024K, 6 young (6144K), 6 survivors (6144K)
 Metaspace       used 177563K, committed 179328K, reserved 524288K
  class space    used 23480K, committed 24320K, reserved 327680K
}
Event: 2216.023 GC heap before
{Heap before GC invocations=123 (full 0):
 garbage-first heap   total 353280K, used 333403K [0x00000000e0000000, 0x0000000100000000)
  region size 1024K, 138 young (141312K), 6 survivors (6144K)
 Metaspace       used 177563K, committed 179328K, reserved 524288K
  class space    used 23480K, committed 24320K, reserved 327680K
}
Event: 2216.041 GC heap after
{Heap after GC invocations=124 (full 0):
 garbage-first heap   total 353280K, used 200075K [0x00000000e0000000, 0x0000000100000000)
  region size 1024K, 7 young (7168K), 7 survivors (7168K)
 Metaspace       used 177563K, committed 179328K, reserved 524288K
  class space    used 23480K, committed 24320K, reserved 327680K
}
Event: 2218.580 GC heap before
{Heap before GC invocations=124 (full 0):
 garbage-first heap   total 353280K, used 333195K [0x00000000e0000000, 0x0000000100000000)
  region size 1024K, 138 young (141312K), 7 survivors (7168K)
 Metaspace       used 177563K, committed 179328K, reserved 524288K
  class space    used 23480K, committed 24320K, reserved 327680K
}
Event: 2218.621 GC heap after
{Heap after GC invocations=125 (full 0):
 garbage-first heap   total 353280K, used 195245K [0x00000000e0000000, 0x0000000100000000)
  region size 1024K, 7 young (7168K), 7 survivors (7168K)
 Metaspace       used 177563K, committed 179328K, reserved 524288K
  class space    used 23480K, committed 24320K, reserved 327680K
}
Event: 2219.512 GC heap before
{Heap before GC invocations=125 (full 0):
 garbage-first heap   total 353280K, used 255661K [0x00000000e0000000, 0x0000000100000000)
  region size 1024K, 67 young (68608K), 7 survivors (7168K)
 Metaspace       used 177648K, committed 179392K, reserved 524288K
  class space    used 23490K, committed 24320K, reserved 327680K
}
Event: 2219.526 GC heap after
{Heap after GC invocations=126 (full 0):
 garbage-first heap   total 353280K, used 195554K [0x00000000e0000000, 0x0000000100000000)
  region size 1024K, 8 young (8192K), 8 survivors (8192K)
 Metaspace       used 177648K, committed 179392K, reserved 524288K
  class space    used 23490K, committed 24320K, reserved 327680K
}
Event: 2229.711 GC heap before
{Heap before GC invocations=127 (full 0):
 garbage-first heap   total 353280K, used 331746K [0x00000000e0000000, 0x0000000100000000)
  region size 1024K, 143 young (146432K), 8 survivors (8192K)
 Metaspace       used 177837K, committed 179584K, reserved 524288K
  class space    used 23516K, committed 24384K, reserved 327680K
}
Event: 2229.754 GC heap after
{Heap after GC invocations=128 (full 0):
 garbage-first heap   total 353280K, used 194873K [0x00000000e0000000, 0x0000000100000000)
  region size 1024K, 8 young (8192K), 8 survivors (8192K)
 Metaspace       used 177837K, committed 179584K, reserved 524288K
  class space    used 23516K, committed 24384K, reserved 327680K
}
Event: 2235.650 GC heap before
{Heap before GC invocations=128 (full 0):
 garbage-first heap   total 353280K, used 333113K [0x00000000e0000000, 0x0000000100000000)
  region size 1024K, 144 young (147456K), 8 survivors (8192K)
 Metaspace       used 178036K, committed 179840K, reserved 524288K
  class space    used 23547K, committed 24384K, reserved 327680K
}
Event: 2235.687 GC heap after
{Heap after GC invocations=129 (full 0):
 garbage-first heap   total 353280K, used 189110K [0x00000000e0000000, 0x0000000100000000)
  region size 1024K, 8 young (8192K), 8 survivors (8192K)
 Metaspace       used 178036K, committed 179840K, reserved 524288K
  class space    used 23547K, committed 24384K, reserved 327680K
}

